2026-04-06T01:48:07.274Z [[32minfo[39m]: Starting Anomaly Detection Service 
2026-04-06T01:48:07.277Z [[32minfo[39m]: Monitoring Bridge: 0x... 
2026-04-06T01:48:07.278Z [[32minfo[39m]: Sentinel: 0x... 
2026-04-06T01:48:07.327Z [[32minfo[39m]: Detection service running. Press Ctrl+C to stop. 
2026-04-06T01:48:07.327Z [[32minfo[39m]: Health monitoring: healthy 
2026-04-06T02:16:41.022Z [[32minfo[39m]: Starting Anomaly Detection Service 
2026-04-06T02:16:41.025Z [[32minfo[39m]: Monitoring Bridge: 0x... 
2026-04-06T02:16:41.025Z [[32minfo[39m]: Sentinel: 0x... 
2026-04-06T02:16:41.063Z [[32minfo[39m]: Detection service running. Press Ctrl+C to stop. 
2026-04-06T02:16:41.063Z [[32minfo[39m]: Health monitoring: healthy 
2026-04-06T02:17:59.637Z [[32minfo[39m]: Starting Anomaly Detection Service 
2026-04-06T02:17:59.639Z [[32minfo[39m]: Monitoring Bridge: 0x... 
2026-04-06T02:17:59.640Z [[32minfo[39m]: Sentinel: 0x... 
2026-04-06T02:17:59.675Z [[32minfo[39m]: Detection service running. Press Ctrl+C to stop. 
2026-04-06T02:17:59.675Z [[32minfo[39m]: Health monitoring: healthy 
2026-04-06T02:18:19.406Z [[32minfo[39m]: Starting Anomaly Detection Service 
2026-04-06T02:18:19.408Z [[32minfo[39m]: Monitoring Bridge: 0x... 
2026-04-06T02:18:19.408Z [[32minfo[39m]: Sentinel: 0x... 
2026-04-06T02:18:19.444Z [[32minfo[39m]: Detection service running. Press Ctrl+C to stop. 
2026-04-06T02:18:19.444Z [[32minfo[39m]: Health monitoring: healthy 
2026-04-06T02:19:40.391Z [[32minfo[39m]: Starting Anomaly Detection Service 
2026-04-06T02:19:40.393Z [[32minfo[39m]: Monitoring Bridge: 0xe7f1725E7734CE288F8367e1Bb143E90bb3F0512 
2026-04-06T02:19:40.393Z [[32minfo[39m]: Sentinel: 0x9fE46736679d2D9a65F0992F2272dE9f3c7fa6e0 
2026-04-06T02:19:40.400Z [[32minfo[39m]: Detection service running. Press Ctrl+C to stop. 
2026-04-06T02:19:40.401Z [[32minfo[39m]: Health monitoring: healthy 
2026-04-06T02:19:40.493Z [[33mwarn[39m]: Health check unhealthy: bridge_contract 
2026-04-06T02:19:40.552Z [[33mwarn[39m]: Health check unhealthy: anomaly_oracle 
2026-04-07T06:14:00.727Z [[32minfo[39m]: Starting Anomaly Detection Service 
2026-04-07T06:14:00.729Z [[32minfo[39m]: Monitoring Bridge: 0xe7f1725E7734CE288F8367e1Bb143E90bb3F0512 
2026-04-07T06:14:00.729Z [[32minfo[39m]: Sentinel: 0x9fE46736679d2D9a65F0992F2272dE9f3c7fa6e0 
2026-04-07T06:14:00.736Z [[32minfo[39m]: Detection service running. Press Ctrl+C to stop. 
2026-04-07T06:14:00.737Z [[32minfo[39m]: Health monitoring: healthy 
2026-04-07T06:14:00.780Z [[33mwarn[39m]: Health check unhealthy: rpc_connectivity 
2026-04-07T06:17:00.537Z [[32minfo[39m]: Starting Anomaly Detection Service 
2026-04-07T06:17:00.539Z [[32minfo[39m]: Monitoring Bridge: 0xe7f1725E7734CE288F8367e1Bb143E90bb3F0512 
2026-04-07T06:17:00.539Z [[32minfo[39m]: Sentinel: 0x9fE46736679d2D9a65F0992F2272dE9f3c7fa6e0 
2026-04-07T06:17:00.549Z [[32minfo[39m]: Detection service running. Press Ctrl+C to stop. 
2026-04-07T06:17:00.550Z [[32minfo[39m]: Health monitoring: healthy 
2026-04-07T06:17:00.606Z [[33mwarn[39m]: Health check unhealthy: rpc_connectivity 
